<?xml version="1.0" encoding="UTF-8"?>
<!-- Generated by org.testng.reporters.JUnitReportReporter -->
<testsuite hostname="DESKTOP-TL8GQ8N" failures="0" tests="6" name="siteMap.sitempUrls" time="994.374" errors="0" timestamp="2024-08-31T10:10:44 IST" skipped="0">
  <testcase classname="siteMap.sitempUrls" name="uiTesting" time="154.955"/>
  <system-out/>
  <testcase classname="siteMap.sitempUrls" name="uiTesting" time="144.854"/>
  <system-out/>
  <testcase classname="siteMap.sitempUrls" name="uiTesting" time="166.147"/>
  <system-out/>
  <testcase classname="siteMap.sitempUrls" name="uiTesting" time="191.445"/>
  <system-out/>
  <testcase classname="siteMap.sitempUrls" name="uiTesting" time="145.910"/>
  <system-out/>
  <testcase classname="siteMap.sitempUrls" name="uiTesting" time="191.063"/>
  <system-out/>
</testsuite> <!-- siteMap.sitempUrls -->
